<?xml version="1.0" encoding="UTF-8"?>
<testsuite name="com.example.noticore.ByteArrayConvertTest" tests="1" skipped="0" failures="0" errors="0" timestamp="2022-08-03T02:50:46" hostname="kims-MacBook-Pro.local" time="0.064">
  <properties/>
  <testcase name="testConvert()" classname="com.example.noticore.ByteArrayConvertTest" time="0.064"/>
  <system-out><![CDATA[]]></system-out>
  <system-err><![CDATA[]]></system-err>
</testsuite>
